2019-12-12 21:18:15,711 - root - INFO - Starting Server GUI...
2019-12-12 21:18:15,728 - models.ServerGUIModel - INFO - ServerGUI:model: 192.168.56.1 is initializing
2019-12-12 21:18:15,729 - models.ServerGUIModel - INFO - ServerGUI:model: 192.168.56.1 is initialized
2019-12-12 21:18:15,729 - controllers.ServerGUIController - INFO - ServerGUI:controller: 192.168.56.1 is initializing
2019-12-12 21:18:15,729 - views.ServerGUIView - INFO - ServerGUI:view: 192.168.56.1 is initializing
2019-12-12 21:18:15,911 - views.ServerGUIView - INFO - ServerGUI:view: 192.168.56.1 is initialized
2019-12-12 21:18:15,971 - controllers.ServerGUIController - INFO - ServerGUI:controller: 192.168.56.1 is initialized
2019-12-12 21:18:17,414 - Server.utilities.configurations - INFO - Configuration is created
2019-12-12 21:18:17,414 - devices.devices.Server - INFO - pyqtsignal is set to True
2019-12-12 21:18:17,415 - Server.utilities.configurations - INFO - Configuration is added with success
2019-12-12 21:18:17,530 - communication.messaging.messengers.ServerMessenger - INFO - ServerMessenger:Server:1:1 is initializing
2019-12-12 21:18:17,552 - communication.messaging.messengers.ServerMessenger - INFO - ServerMessenger:Server:1:1 is initialized
2019-12-12 21:18:17,553 - communication.logic.ServerCmdLogic - INFO - ServerCmdLogic:Server:1:1 is creating
2019-12-12 21:18:17,554 - communication.logic.ThinkerEvent - INFO - task_in_reaction of ServerCmdLogic:Server:1:1 is created
2019-12-12 21:18:17,554 - communication.logic.ThinkerEvent - INFO - task_out_reaction of ServerCmdLogic:Server:1:1 is created
2019-12-12 21:18:17,554 - communication.logic.ThinkerEvent - INFO - pending_demands of ServerCmdLogic:Server:1:1 is created
2019-12-12 21:18:17,554 - communication.logic.ThinkerEvent - INFO - pending_replies of ServerCmdLogic:Server:1:1 is created
2019-12-12 21:18:17,555 - communication.logic.ServerCmdLogic - INFO - ServerCmdLogic:Server:1:1 is created
2019-12-12 21:18:17,555 - communication.logic.ThinkerEvent - INFO - heartbeat of ServerCmdLogic:Server:1:1 is created
2019-12-12 21:18:17,556 - devices.devices.Server - INFO - Server:1 is created
2019-12-12 21:18:17,556 - devices.devices.Server - INFO - Server:1 is starting
2019-12-12 21:18:17,556 - communication.logic.ServerCmdLogic - INFO - ServerCmdLogic:Server:1:1 is starting
2019-12-12 21:18:17,556 - communication.logic.ThinkerEvent - INFO - task_in_reaction of ServerCmdLogic:Server:1:1 is starting
2019-12-12 21:18:17,556 - communication.logic.ThinkerEvent - INFO - task_out_reaction of ServerCmdLogic:Server:1:1 is starting
2019-12-12 21:18:17,556 - communication.logic.ThinkerEvent - INFO - task_in_reaction of ServerCmdLogic:Server:1:1 with tick 0.0001 is started
2019-12-12 21:18:17,557 - communication.logic.ThinkerEvent - INFO - task_out_reaction of ServerCmdLogic:Server:1:1 with tick 0.0001 is started
2019-12-12 21:18:17,557 - communication.logic.ThinkerEvent - INFO - pending_demands of ServerCmdLogic:Server:1:1 is starting
2019-12-12 21:18:17,557 - communication.logic.ThinkerEvent - INFO - pending_replies of ServerCmdLogic:Server:1:1 is starting
2019-12-12 21:18:17,557 - communication.logic.ThinkerEvent - INFO - pending_demands of ServerCmdLogic:Server:1:1 with tick 5.0 is started
2019-12-12 21:18:17,557 - communication.logic.ThinkerEvent - INFO - heartbeat of ServerCmdLogic:Server:1:1 is starting
2019-12-12 21:18:17,557 - communication.logic.ThinkerEvent - INFO - pending_replies of ServerCmdLogic:Server:1:1 with tick 5.0 is started
2019-12-12 21:18:17,557 - communication.messaging.messengers.ServerMessenger - INFO - ServerMessenger:Server:1:1 is starting
2019-12-12 21:18:17,557 - communication.logic.ThinkerEvent - INFO - heartbeat of ServerCmdLogic:Server:1:1 is started
2019-12-12 21:18:17,558 - communication.messaging.messengers.ServerMessenger - INFO - ServerMessenger:Server:1:1 is started
2019-12-12 21:18:17,658 - devices.devices.Server - INFO - Server:1 is started
2019-12-12 21:18:42,419 - devices.devices.Server - INFO - Server:1 is stopping
2019-12-12 21:18:43,422 - communication.logic.ThinkerEvent - INFO - task_in_reaction is pausing
2019-12-12 21:18:43,422 - communication.logic.ThinkerEvent - INFO - task_in_reaction is paused
2019-12-12 21:18:43,423 - communication.logic.ThinkerEvent - INFO - task_out_reaction is pausing
2019-12-12 21:18:43,423 - communication.logic.ThinkerEvent - INFO - task_out_reaction is paused
2019-12-12 21:18:43,423 - communication.logic.ThinkerEvent - INFO - pending_demands is pausing
2019-12-12 21:18:43,424 - communication.logic.ThinkerEvent - INFO - pending_demands is paused
2019-12-12 21:18:43,424 - communication.logic.ThinkerEvent - INFO - pending_replies is pausing
2019-12-12 21:18:43,424 - communication.logic.ThinkerEvent - INFO - pending_replies is paused
2019-12-12 21:18:43,425 - communication.logic.ThinkerEvent - INFO - heartbeat is pausing
2019-12-12 21:18:43,425 - communication.logic.ThinkerEvent - INFO - heartbeat is paused
2019-12-12 21:18:43,436 - communication.logic.ServerCmdLogic - INFO - ServerCmdLogic:Server:1:1 is stopping
2019-12-12 21:18:43,436 - communication.logic.ThinkerEvent - INFO - task_in_reaction of ServerCmdLogic:Server:1:1 is stopping
2019-12-12 21:18:43,923 - communication.logic.ThinkerEvent - INFO - task_in_reaction of ServerCmdLogic:Server:1:1 is stopped
2019-12-12 21:18:43,923 - communication.logic.ThinkerEvent - INFO - task_out_reaction of ServerCmdLogic:Server:1:1 is stopping
2019-12-12 21:18:43,925 - communication.logic.ThinkerEvent - INFO - task_out_reaction of ServerCmdLogic:Server:1:1 is stopped
2019-12-12 21:18:43,925 - communication.logic.ThinkerEvent - INFO - pending_demands of ServerCmdLogic:Server:1:1 is stopping
2019-12-12 21:18:47,562 - communication.logic.ThinkerEvent - INFO - pending_demands of ServerCmdLogic:Server:1:1 is stopped
2019-12-12 21:18:47,562 - communication.logic.ThinkerEvent - INFO - pending_replies of ServerCmdLogic:Server:1:1 is stopping
2019-12-12 21:18:48,062 - communication.logic.ThinkerEvent - INFO - pending_replies of ServerCmdLogic:Server:1:1 is stopped
2019-12-12 21:18:48,062 - communication.logic.ThinkerEvent - INFO - heartbeat of ServerCmdLogic:Server:1:1 is stopping
2019-12-12 21:18:48,124 - communication.logic.ThinkerEvent - INFO - heartbeat of ServerCmdLogic:Server:1:1 is stopped
2019-12-12 21:18:48,625 - communication.messaging.messengers.ServerMessenger - INFO - ServerMessenger:Server:1:1 is stopping
2019-12-12 21:18:48,627 - communication.messaging.messengers.ServerMessenger - INFO - Loop thread is off
2019-12-12 21:18:48,829 - devices.devices.Server - INFO - Server:1 is stopped
2019-12-12 21:18:48,829 - controllers.ServerGUIController - INFO - Closing
2019-12-12 21:18:48,935 - communication.messaging.messengers.ServerMessenger - INFO - ServerMessenger:Server:1:1 is stopped
2019-12-12 21:18:48,936 - devices.devices.Server - INFO - Instance of class Server: Server:Server:1 is deleted
